<?xml version="1.0" encoding="UTF-8"?>
<!-- Generated by org.testng.reporters.JUnitReportReporter -->
<testsuite hostname="DESKTOP-LP3UNGF" failures="0" tests="1" name="org.letcode.test.TC002Login2" time="12.064" errors="0" timestamp="2024-11-13T13:42:08 IST" skipped="0">
  <testcase classname="org.letcode.test.TC002Login2" name="loginTest" time="12.064"/>
</testsuite> <!-- org.letcode.test.TC002Login2 -->
