<?xml version="1.0" encoding="UTF-8"?>
<!-- Generated by org.testng.reporters.JUnitReportReporter -->
<testsuite hostname="DESKTOP-LP3UNGF" failures="0" tests="1" name="org.letcode.test.TC001Login" time="28.951" errors="0" timestamp="2024-11-13T20:35:48 IST" skipped="0">
  <testcase classname="org.letcode.test.TC001Login" name="loginTest" time="28.951"/>
</testsuite> <!-- org.letcode.test.TC001Login -->
